<?xml version="1.0" encoding="UTF-8"?>
<!-- Generated by org.testng.reporters.JUnitReportReporter -->
<testsuite hostname="URMILA" failures="0" tests="4" name="com.PageObjectModel.Scripts.LoginTest" time="7.202" errors="0" timestamp="2023-06-24T09:49:26 IST" skipped="0">
  <testcase classname="com.PageObjectModel.Scripts.LoginTest" name="verifySigninInvalidUserValidPassword" time="1.420"/>
  <system-out/>
  <testcase classname="com.PageObjectModel.Scripts.LoginTest" name="verifySigninValidUserInvalidPassword" time="1.954"/>
  <system-out/>
  <testcase classname="com.PageObjectModel.Scripts.LoginTest" name="verifySigninInvalidUserInvalidPassword" time="1.362"/>
  <system-out/>
  <testcase classname="com.PageObjectModel.Scripts.LoginTest" name="verifySigninValidUserValidPassword" time="2.466"/>
  <system-out/>
</testsuite> <!-- com.PageObjectModel.Scripts.LoginTest -->
