<?xml version="1.0" encoding="UTF-8"?>
<!-- Generated by org.testng.reporters.JUnitReportReporter -->
<testsuite hostname="URMILA" failures="0" tests="1" name="com.PageObjectModel.Base.TestBase" time="0.008" errors="0" timestamp="2023-06-15T15:48:32 IST" skipped="0">
  <testcase classname="com.PageObjectModel.Base.TestBase" name="testBase" time="0.008"/>
  <system-out/>
</testsuite> <!-- com.PageObjectModel.Base.TestBase -->
