<?xml version="1.0" encoding="UTF-8"?>
<!-- Generated by org.testng.reporters.JUnitReportReporter -->
<testsuite hostname="URMILA" failures="0" tests="8" name="com.PageObjectModel.Scripts.FlightsTest" time="11.969" errors="0" timestamp="2023-06-21T07:35:24 IST" skipped="3">
  <testcase classname="com.PageObjectModel.Scripts.FlightsTest" name="checkRoundTripRadioSelectionByDefault" time="2.634">
    <skipped/>
  </testcase> <!-- checkRoundTripRadioSelectionByDefault -->
  <system-out/>
  <testcase classname="com.PageObjectModel.Scripts.FlightsTest" name="checkRoundTripRadioSelectionByDefault" time="1.079">
    <skipped/>
  </testcase> <!-- checkRoundTripRadioSelectionByDefault -->
  <system-out/>
  <testcase classname="com.PageObjectModel.Scripts.FlightsTest" name="checkRoundTripRadioSelectionByDefault" time="2.903"/>
  <system-out/>
  <testcase classname="com.PageObjectModel.Scripts.FlightsTest" name="checkRoundTripRadioSelectionByDefault" time="3.197">
    <skipped/>
  </testcase> <!-- checkRoundTripRadioSelectionByDefault -->
  <system-out/>
  <testcase classname="com.PageObjectModel.Scripts.FlightsTest" name="oneWayTripRadioSelection" time="0.043"/>
  <system-out/>
  <testcase classname="com.PageObjectModel.Scripts.FlightsTest" name="oneWayTripRadioSelectionAfterClicking" time="0.161"/>
  <system-out/>
  <testcase classname="com.PageObjectModel.Scripts.FlightsTest" name="checkpassengerDropDown" time="1.517"/>
  <system-out/>
  <testcase classname="com.PageObjectModel.Scripts.FlightsTest" name="checkFromPortDropdown" time="0.435"/>
  <system-out/>
</testsuite> <!-- com.PageObjectModel.Scripts.FlightsTest -->
