<?xml version="1.0" encoding="UTF-8"?>
<!-- Generated by org.testng.reporters.JUnitReportReporter -->
<testsuite hostname="URMILA" failures="0" tests="5" name="com.PageObjectModel.Scripts.FlightTest2" time="9.635" errors="0" timestamp="2023-06-17T15:04:44 IST" skipped="0">
  <testcase classname="com.PageObjectModel.Scripts.FlightTest2" name="checkRoundTripdefault" time="8.570"/>
  <system-out/>
  <testcase classname="com.PageObjectModel.Scripts.FlightTest2" name="onewaySelect" time="0.063"/>
  <system-out/>
  <testcase classname="com.PageObjectModel.Scripts.FlightTest2" name="clickOnewaybutton" time="0.308"/>
  <system-out/>
  <testcase classname="com.PageObjectModel.Scripts.FlightTest2" name="passengerdrop" time="0.237"/>
  <system-out/>
  <testcase classname="com.PageObjectModel.Scripts.FlightTest2" name="departdrop1" time="0.457"/>
  <system-out/>
</testsuite> <!-- com.PageObjectModel.Scripts.FlightTest2 -->
