<?xml version="1.0" encoding="UTF-8"?>
<!-- Generated by org.testng.reporters.JUnitReportReporter -->
<testsuite hostname="URMILA" failures="0" tests="4" name="com.PageObjectModel.Scripts.LoginTest" time="9.674" errors="0" timestamp="2023-06-21T07:35:24 IST" skipped="0">
  <testcase classname="com.PageObjectModel.Scripts.LoginTest" name="verifySigninInvalidUserValidPassword" time="2.732"/>
  <system-out/>
  <testcase classname="com.PageObjectModel.Scripts.LoginTest" name="verifySigninValidUserInvalidPassword" time="2.010"/>
  <system-out/>
  <testcase classname="com.PageObjectModel.Scripts.LoginTest" name="verifySigninInvalidUserInvalidPassword" time="1.711"/>
  <system-out/>
  <testcase classname="com.PageObjectModel.Scripts.LoginTest" name="verifySigninValidUserValidPassword" time="3.221"/>
  <system-out/>
</testsuite> <!-- com.PageObjectModel.Scripts.LoginTest -->
